0 info it worked if it ends with ok
1 verbose cli [ 'C:\\Program Files\\nodejs\\node.exe',
1 verbose cli   'C:\\Program Files\\nodejs\\node_modules\\npm\\bin\\npm-cli.js',
1 verbose cli   'install',
1 verbose cli   'socket-io' ]
2 info using npm@2.14.7
3 info using node@v4.2.2
4 verbose config Skipping project config: C:\Users\sleec/.npmrc. (matches userconfig)
5 verbose install initial load of C:\Users\sleec\package.json
6 verbose installManyTop reading scoped package data from C:\Users\sleec\node_modules\babel-preset-react\package.json
7 verbose installManyTop reading scoped package data from C:\Users\sleec\node_modules\babelify\package.json
8 verbose installManyTop reading scoped package data from C:\Users\sleec\node_modules\bower\package.json
9 verbose installManyTop reading scoped package data from C:\Users\sleec\node_modules\browserify\package.json
10 verbose installManyTop reading scoped package data from C:\Users\sleec\node_modules\cordova\package.json
11 verbose installManyTop reading scoped package data from C:\Users\sleec\node_modules\express\package.json
12 verbose installManyTop reading scoped package data from C:\Users\sleec\node_modules\grunt\package.json
13 verbose installManyTop reading scoped package data from C:\Users\sleec\node_modules\react\package.json
14 verbose installManyTop reading scoped package data from C:\Users\sleec\node_modules\react-dom\package.json
15 verbose installManyTop reading scoped package data from C:\Users\sleec\node_modules\socket.io\package.json
16 info package.json socket.io@1.3.7 No license field.
17 info package.json cordova@5.4.0 license should be a valid SPDX license expression
18 info package.json grunt@0.4.5 No license field.
19 verbose readDependencies loading dependencies from C:\Users\sleec\package.json
20 silly cache add args [ 'socket-io', null ]
21 verbose cache add spec socket-io
22 silly cache add parsed spec Result {
22 silly cache add   raw: 'socket-io',
22 silly cache add   scope: null,
22 silly cache add   name: 'socket-io',
22 silly cache add   rawSpec: '',
22 silly cache add   spec: '*',
22 silly cache add   type: 'range' }
23 silly addNamed socket-io@*
24 verbose addNamed "*" is a valid semver range for socket-io
25 silly addNameRange { name: 'socket-io', range: '*', hasData: false }
26 silly mapToRegistry name socket-io
27 silly mapToRegistry using default registry
28 silly mapToRegistry registry https://registry.npmjs.org/
29 silly mapToRegistry uri https://registry.npmjs.org/socket-io
30 verbose addNameRange registry:https://registry.npmjs.org/socket-io not in flight; fetching
31 verbose request uri https://registry.npmjs.org/socket-io
32 verbose request no auth needed
33 info attempt registry request try #1 at 11:34:02 AM
34 verbose request id 0a0a4b738df4df38
35 http request GET https://registry.npmjs.org/socket-io
36 http 404 https://registry.npmjs.org/socket-io
37 verbose headers { 'content-type': 'application/json',
37 verbose headers   'cache-control': 'max-age=0',
37 verbose headers   'content-length': '2',
37 verbose headers   'accept-ranges': 'bytes',
37 verbose headers   date: 'Sat, 14 Nov 2015 19:33:52 GMT',
37 verbose headers   via: '1.1 varnish',
37 verbose headers   age: '0',
37 verbose headers   connection: 'keep-alive',
37 verbose headers   'x-served-by': 'cache-sjc3127-SJC',
37 verbose headers   'x-cache': 'MISS',
37 verbose headers   'x-cache-hits': '0',
37 verbose headers   'x-timer': 'S1447529632.512820,VS0,VE90' }
38 silly get cb [ 404,
38 silly get   { 'content-type': 'application/json',
38 silly get     'cache-control': 'max-age=0',
38 silly get     'content-length': '2',
38 silly get     'accept-ranges': 'bytes',
38 silly get     date: 'Sat, 14 Nov 2015 19:33:52 GMT',
38 silly get     via: '1.1 varnish',
38 silly get     age: '0',
38 silly get     connection: 'keep-alive',
38 silly get     'x-served-by': 'cache-sjc3127-SJC',
38 silly get     'x-cache': 'MISS',
38 silly get     'x-cache-hits': '0',
38 silly get     'x-timer': 'S1447529632.512820,VS0,VE90' } ]
39 verbose stack Error: Registry returned 404 for GET on https://registry.npmjs.org/socket-io
39 verbose stack     at makeError (C:\Program Files\nodejs\node_modules\npm\node_modules\npm-registry-client\lib\request.js:264:12)
39 verbose stack     at CachingRegistryClient.<anonymous> (C:\Program Files\nodejs\node_modules\npm\node_modules\npm-registry-client\lib\request.js:242:14)
39 verbose stack     at Request._callback (C:\Program Files\nodejs\node_modules\npm\node_modules\npm-registry-client\lib\request.js:172:14)
39 verbose stack     at Request.self.callback (C:\Program Files\nodejs\node_modules\npm\node_modules\request\request.js:198:22)
39 verbose stack     at emitTwo (events.js:87:13)
39 verbose stack     at Request.emit (events.js:172:7)
39 verbose stack     at Request.<anonymous> (C:\Program Files\nodejs\node_modules\npm\node_modules\request\request.js:1063:14)
39 verbose stack     at emitOne (events.js:82:20)
39 verbose stack     at Request.emit (events.js:169:7)
39 verbose stack     at IncomingMessage.<anonymous> (C:\Program Files\nodejs\node_modules\npm\node_modules\request\request.js:1009:12)
40 verbose statusCode 404
41 verbose pkgid socket-io
42 verbose cwd C:\Users\sleec\BCSHackathon\fluencyTester
43 error Windows_NT 10.0.10240
44 error argv "C:\\Program Files\\nodejs\\node.exe" "C:\\Program Files\\nodejs\\node_modules\\npm\\bin\\npm-cli.js" "install" "socket-io"
45 error node v4.2.2
46 error npm  v2.14.7
47 error code E404
48 error 404 Registry returned 404 for GET on https://registry.npmjs.org/socket-io
48 error 404
48 error 404 'socket-io' is not in the npm registry.
48 error 404 You should bug the author to publish it (or use the name yourself!)
48 error 404
48 error 404 Note that you can also install from a
48 error 404 tarball, folder, http url, or git url.
49 verbose exit [ 1, true ]
